The system is: Windows - 10.0.18363 - AMD64
Compiling the C compiler identification source file "CMakeCCompilerId.c" succeeded.
Compiler: C:/Program Files (x86)/Microsoft Visual Studio/2019/Community/VC/Tools/MSVC/14.28.29333/bin/Hostx64/x64/cl.exe 
Build flags: 
Id flags:  

The output was:
0
Microsoft (R) C/C++ wersja kompilatora optymalizującego 19.28.29333 dla x64
Copyright (C) Microsoft Corporation. Wszystkie prawa zastrzeżone.

CMakeCCompilerId.c
Microsoft (R) Incremental Linker Version 14.28.29333.0
Copyright (C) Microsoft Corporation.  All rights reserved.

/out:CMakeCCompilerId.exe 
CMakeCCompilerId.obj 


Compilation of the C compiler identification source "CMakeCCompilerId.c" produced "CMakeCCompilerId.exe"

Compilation of the C compiler identification source "CMakeCCompilerId.c" produced "CMakeCCompilerId.obj"

The C compiler identification is MSVC, found in "C:/CPP/BPB-Punk/bin/CMakeFiles/3.18.0/CompilerIdC/CMakeCCompilerId.exe"

Compiling the CXX compiler identification source file "CMakeCXXCompilerId.cpp" succeeded.
Compiler: C:/Program Files (x86)/Microsoft Visual Studio/2019/Community/VC/Tools/MSVC/14.28.29333/bin/Hostx64/x64/cl.exe 
Build flags: 
Id flags:  

The output was:
0
Microsoft (R) C/C++ wersja kompilatora optymalizującego 19.28.29333 dla x64
Copyright (C) Microsoft Corporation. Wszystkie prawa zastrzeżone.

CMakeCXXCompilerId.cpp
Microsoft (R) Incremental Linker Version 14.28.29333.0
Copyright (C) Microsoft Corporation.  All rights reserved.

/out:CMakeCXXCompilerId.exe 
CMakeCXXCompilerId.obj 


Compilation of the CXX compiler identification source "CMakeCXXCompilerId.cpp" produced "CMakeCXXCompilerId.exe"

Compilation of the CXX compiler identification source "CMakeCXXCompilerId.cpp" produced "CMakeCXXCompilerId.obj"

The CXX compiler identification is MSVC, found in "C:/CPP/BPB-Punk/bin/CMakeFiles/3.18.0/CompilerIdCXX/CMakeCXXCompilerId.exe"

Detecting C compiler ABI info compiled with the following output:
Change Dir: C:/CPP/BPB-Punk/bin/CMakeFiles/CMakeTmp

Run Build Command(s):nmake /nologo cmTC_c8e8c\fast && 	"C:\Program Files (x86)\Microsoft Visual Studio\2019\Community\VC\Tools\MSVC\14.28.29333\bin\HostX64\x64\nmake.exe"  -f CMakeFiles\cmTC_c8e8c.dir\build.make /nologo -L                  CMakeFiles\cmTC_c8e8c.dir\build
Building C object CMakeFiles/cmTC_c8e8c.dir/CMakeCCompilerABI.c.obj
	C:\PROGRA~2\MICROS~1\2019\COMMUN~1\VC\Tools\MSVC\1428~1.293\bin\Hostx64\x64\cl.exe @C:\Users\szymon\AppData\Local\Temp\nm64D4.tmp
CMakeCCompilerABI.c
Linking C executable cmTC_c8e8c.exe
	"C:\Program Files (x86)\CMake\bin\cmake.exe" -E vs_link_exe --intdir=CMakeFiles\cmTC_c8e8c.dir --rc=C:\PROGRA~2\WI3CF2~1\10\bin\100183~1.0\x64\rc.exe --mt=C:\PROGRA~2\WI3CF2~1\10\bin\100183~1.0\x64\mt.exe --manifests -- C:\PROGRA~2\MICROS~1\2019\COMMUN~1\VC\Tools\MSVC\1428~1.293\bin\Hostx64\x64\link.exe /nologo @CMakeFiles\cmTC_c8e8c.dir\objects1.rsp @C:\Users\szymon\AppData\Local\Temp\nm6727.tmp



Detecting CXX compiler ABI info compiled with the following output:
Change Dir: C:/CPP/BPB-Punk/bin/CMakeFiles/CMakeTmp

Run Build Command(s):nmake /nologo cmTC_56d9f\fast && 	"C:\Program Files (x86)\Microsoft Visual Studio\2019\Community\VC\Tools\MSVC\14.28.29333\bin\HostX64\x64\nmake.exe"  -f CMakeFiles\cmTC_56d9f.dir\build.make /nologo -L                  CMakeFiles\cmTC_56d9f.dir\build
Building CXX object CMakeFiles/cmTC_56d9f.dir/CMakeCXXCompilerABI.cpp.obj
	C:\PROGRA~2\MICROS~1\2019\COMMUN~1\VC\Tools\MSVC\1428~1.293\bin\Hostx64\x64\cl.exe @C:\Users\szymon\AppData\Local\Temp\nm6AFE.tmp
CMakeCXXCompilerABI.cpp
Linking CXX executable cmTC_56d9f.exe
	"C:\Program Files (x86)\CMake\bin\cmake.exe" -E vs_link_exe --intdir=CMakeFiles\cmTC_56d9f.dir --rc=C:\PROGRA~2\WI3CF2~1\10\bin\100183~1.0\x64\rc.exe --mt=C:\PROGRA~2\WI3CF2~1\10\bin\100183~1.0\x64\mt.exe --manifests -- C:\PROGRA~2\MICROS~1\2019\COMMUN~1\VC\Tools\MSVC\1428~1.293\bin\Hostx64\x64\link.exe /nologo @CMakeFiles\cmTC_56d9f.dir\objects1.rsp @C:\Users\szymon\AppData\Local\Temp\nm6C18.tmp



